<?xml version="1.0" encoding="UTF-8"?>
<testsuite xmlns:xsi="http://www.w3.org/2001/XMLSchema-instance" xsi:noNamespaceSchemaLocation="https://maven.apache.org/surefire/maven-surefire-plugin/xsd/surefire-test-report-3.0.xsd" version="3.0" name="org.example.TodoTest" time="3.034" tests="4" errors="0" skipped="0" failures="0">
  <properties>
[...]
</properties>
  <testcase name="testGetTodoByIdReturnsCorrectTitle" classname="org.example.TodoTest" time="1.747"/>
  <testcase name="testTodosEndpointReturns200" classname="org.example.TodoTest" time="0.391"/>
  <testcase name="testListAllTodosInLessThan2Seconds" classname="org.example.TodoTest" time="0.43"/>
  <testcase name="testListAllTodosContainsIds198And199" classname="org.example.TodoTest" time="0.444"/>
</testsuite>