<?xml version="1.0" encoding="UTF-8"?>
<testsuite xmlns:xsi="http://www.w3.org/2001/XMLSchema-instance" xsi:noNamespaceSchemaLocation="https://maven.apache.org/surefire/maven-failsafe-plugin/xsd/failsafe-test-report-3.0.xsd" version="3.0" name="integration.address_resolver_it.AddressResolverIT" time="1.299" tests="2" errors="0" skipped="0" failures="0">
  <properties>
[...]
</properties>
  <testcase name="testFindAddressForLocation_BadCoordinates" classname="integration.address_resolver_it.AddressResolverIT" time="0.761"/>
  <testcase name="testFindAddressForLocation_Success" classname="integration.address_resolver_it.AddressResolverIT" time="0.472"/>
</testsuite>